c:\users\hchap\source\repos\c-2d-game-engine\timewarp engine\timewarp engine\x64\debug\vc143.pdb
c:\users\hchap\source\repos\c-2d-game-engine\timewarp engine\timewarp engine\x64\debug\vc143.idb
c:\users\hchap\source\repos\c-2d-game-engine\timewarp engine\timewarp engine\x64\debug\testing.obj
c:\users\hchap\source\repos\c-2d-game-engine\timewarp engine\timewarp engine\x64\debug\loadtilemap.obj
c:\users\hchap\source\repos\c-2d-game-engine\timewarp engine\timewarp engine\x64\debug\renderer.obj
c:\users\hchap\source\repos\c-2d-game-engine\timewarp engine\timewarp engine\x64\debug\gameloop.obj
c:\users\hchap\source\repos\c-2d-game-engine\timewarp engine\timewarp engine\x64\debug\glad.obj
c:\users\hchap\source\repos\c-2d-game-engine\timewarp engine\timewarp engine\x64\debug\handlestart.obj
c:\users\hchap\source\repos\c-2d-game-engine\timewarp engine\timewarp engine\x64\debug\leveleditor.obj
c:\users\hchap\source\repos\c-2d-game-engine\timewarp engine\timewarp engine\x64\debug\newrenderer.obj
c:\users\hchap\source\repos\c-2d-game-engine\timewarp engine\timewarp engine\x64\debug\newgameloop.obj
c:\users\hchap\source\repos\c-2d-game-engine\timewarp engine\timewarp engine\x64\debug\tilemapphysics.obj
c:\users\hchap\source\repos\c-2d-game-engine\timewarp engine\x64\debug\timewarp engine.exe
c:\users\hchap\source\repos\c-2d-game-engine\timewarp engine\timewarp engine\x64\debug\timewarp engine.ilk
c:\users\hchap\source\repos\c-2d-game-engine\timewarp engine\x64\debug\timewarp engine.pdb
c:\users\hchap\source\repos\c-2d-game-engine\timewarp engine\timewarp engine\x64\debug\gameloop-harrisondesktop.obj
c:\users\hchap\source\repos\c-2d-game-engine\timewarp engine\timewarp engine\x64\debug\gamestate-harrisondesktop.obj
c:\users\hchap\source\repos\c-2d-game-engine\timewarp engine\timewarp engine\x64\debug\gamestate.obj
c:\users\hchap\source\repos\c-2d-game-engine\timewarp engine\timewarp engine\x64\debug\render_engine.obj
c:\users\hchap\source\repos\c-2d-game-engine\timewarp engine\timewarp engine\x64\debug\gameloop.obj.enc
c:\users\hchap\source\repos\c-2d-game-engine\timewarp engine\timewarp engine\x64\debug\timewarp engine-harrisondesktop.ilk
c:\users\hchap\source\repos\c-2d-game-engine\timewarp engine\timewarp engine\x64\debug\vc143-harrisondesktop.idb
c:\users\hchap\source\repos\c-2d-game-engine\timewarp engine\timewarp engine\x64\debug\vc143-harrisondesktop.pdb
c:\users\hchap\source\repos\c-2d-game-engine\timewarp engine\timewarp engine\x64\debug\timewarp engine.tlog\cl.command.1.tlog
c:\users\hchap\source\repos\c-2d-game-engine\timewarp engine\timewarp engine\x64\debug\timewarp engine.tlog\cl.items.tlog
c:\users\hchap\source\repos\c-2d-game-engine\timewarp engine\timewarp engine\x64\debug\timewarp engine.tlog\cl.read.1-harrisondesktop.tlog
c:\users\hchap\source\repos\c-2d-game-engine\timewarp engine\timewarp engine\x64\debug\timewarp engine.tlog\cl.write.1-harrisondesktop.tlog
c:\users\hchap\source\repos\c-2d-game-engine\timewarp engine\timewarp engine\x64\debug\timewarp engine.tlog\link.command.1.tlog
c:\users\hchap\source\repos\c-2d-game-engine\timewarp engine\timewarp engine\x64\debug\timewarp engine.tlog\link.read.1-harrisondesktop.tlog
c:\users\hchap\source\repos\c-2d-game-engine\timewarp engine\timewarp engine\x64\debug\timewarp engine.tlog\link.write.1.tlog
